[4831:0717/211553:ERROR:browser_main_loop.cc(170)] Running without the SUID sandbox! See https://code.google.com/p/chromium/wiki/LinuxSUIDSandboxDevelopment for more information on developing with the sandbox on.
Xlib:  extension "GLX" missing on display ":0".
[4873:0717/211553:ERROR:gl_surface_glx.cc(352)] glxQueryVersion failed
[4873:0717/211553:ERROR:gl_surface_x11.cc(56)] GLSurfaceGLX::InitializeOneOff failed.
[4873:0717/211553:ERROR:gpu_child_thread.cc(146)] Exiting GPU process due to errors during initialization
App load time: 439ms
[4883:0717/211553:INFO:renderer_main.cc(212)] Renderer process started
[4831:0717/211555:INFO:CONSOLE(56)] "Window load time: 1754ms", source: file:///usr/share/atom/resources/app.asar/static/index.js (56)
[5150:0717/212920:INFO:renderer_main.cc(212)] Renderer process started
[4831:0717/212921:INFO:CONSOLE(56)] "Window load time: 1033ms", source: file:///usr/share/atom/resources/app.asar/static/index.js (56)
[4831:0717/213910:INFO:CONSOLE(167)] "Git-plus: Using git at", source: /home/robin/.atom/packages/git-plus/lib/git.coffee (167)
[4831:0717/213914:INFO:CONSOLE(167)] "Git-plus: Using git at", source: /home/robin/.atom/packages/git-plus/lib/git.coffee (167)
[4831:0717/213914:INFO:CONSOLE(167)] "Git-plus: Using git at", source: /home/robin/.atom/packages/git-plus/lib/git.coffee (167)
[4831:0717/213914:INFO:CONSOLE(167)] "Git-plus: Using git at", source: /home/robin/.atom/packages/git-plus/lib/git.coffee (167)
[4831:0717/213914:INFO:CONSOLE(167)] "Git-plus: Using git at", source: /home/robin/.atom/packages/git-plus/lib/git.coffee (167)
[4831:0717/213924:INFO:CONSOLE(167)] "Git-plus: Using git at", source: /home/robin/.atom/packages/git-plus/lib/git.coffee (167)
[4831:0717/213924:INFO:CONSOLE(167)] "Git-plus: Using git at", source: /home/robin/.atom/packages/git-plus/lib/git.coffee (167)
[4831:0717/215749:INFO:CONSOLE(8)] "org-mode activate", source: /home/robin/.atom/packages/org/lib/org.coffee (8)
[6260:0717/220127:INFO:renderer_main.cc(212)] Renderer process started
[4831:0717/220129:INFO:CONSOLE(56)] "Window load time: 2083ms", source: file:///usr/share/atom/resources/app.asar/static/index.js (56)
[4831:0717/220530:INFO:CONSOLE(167)] "Git-plus: Using git at", source: /home/robin/.atom/packages/git-plus/lib/git.coffee (167)
